<?xml version="1.0" encoding="UTF-8"?>
<!-- Generated by org.testng.reporters.JUnitReportReporter -->
<testsuite hostname="Mayuri-Dasri14" failures="0" tests="3" name="Test_Cases.Register" time="16.799" errors="0" timestamp="2024-06-13T20:29:24 IST" skipped="0">
  <testcase classname="Test_Cases.Register" name="registerWithAllCredentials" time="5.447"/>
  <testcase classname="Test_Cases.Register" name="registerWithMandatoryCredentials" time="6.577"/>
  <testcase classname="Test_Cases.Register" name="registerWithoutCredentials" time="4.775"/>
</testsuite> <!-- Test_Cases.Register -->
