<?xml version="1.0" encoding="UTF-8"?>
<!-- Generated by org.testng.reporters.JUnitReportReporter -->
<testsuite hostname="Mayuri-Dasri14" failures="0" tests="5" name="Test_Cases.Login" time="62.270" errors="0" timestamp="2024-06-13T20:29:24 IST" skipped="0">
  <testcase classname="Test_Cases.Login" name="login" time="4.552"/>
  <testcase classname="Test_Cases.Login" name="loginWithInvalidCredentials" time="6.258"/>
  <testcase classname="Test_Cases.Login" name="loginWithValidEmailAndInvalidPasswordCredentials" time="4.251"/>
  <testcase classname="Test_Cases.Login" name="loginWithInvalidEmailAndValidPasswordCredentials" time="42.221"/>
  <testcase classname="Test_Cases.Login" name="loginWithoutAnyCredentials" time="4.988"/>
</testsuite> <!-- Test_Cases.Login -->
