<?xml version="1.0" encoding="UTF-8"?>
<!-- Generated by org.testng.reporters.JUnitReportReporter -->
<testsuite hostname="Mayuri-Dasri14" failures="0" tests="3" name="Test_Cases.Search" time="11.679" errors="0" timestamp="2024-06-13T20:29:24 IST" skipped="0">
  <testcase classname="Test_Cases.Search" name="serachForValidProduct" time="4.106"/>
  <testcase classname="Test_Cases.Search" name="serchForInvalidProduct" time="3.687"/>
  <testcase classname="Test_Cases.Search" name="searchWithoutProduct" time="3.886"/>
</testsuite> <!-- Test_Cases.Search -->
